<?xml version="1.0" encoding="UTF-8"?>
<testsuite xmlns:xsi="http://www.w3.org/2001/XMLSchema-instance" xsi:noNamespaceSchemaLocation="https://maven.apache.org/surefire/maven-surefire-plugin/xsd/surefire-test-report.xsd" name="MyTest" time="0.1" tests="10" errors="0" skipped="0" failures="0">
  <properties>
    <property name="java.specification.version" value="17"/>
    <property name="sun.jnu.encoding" value="UTF-8"/>
    <property name="java.class.path" value="/Users/tedzaremba/Desktop/CS_342/Project 3/Project3Code/ClientSide/target/test-classes:/Users/tedzaremba/Desktop/CS_342/Project 3/Project3Code/ClientSide/target/classes:/Users/tedzaremba/.m2/repository/org/junit/jupiter/junit-jupiter/5.6.2/junit-jupiter-5.6.2.jar:/Users/tedzaremba/.m2/repository/org/junit/jupiter/junit-jupiter-api/5.6.2/junit-jupiter-api-5.6.2.jar:/Users/tedzaremba/.m2/repository/org/apiguardian/apiguardian-api/1.1.0/apiguardian-api-1.1.0.jar:/Users/tedzaremba/.m2/repository/org/opentest4j/opentest4j/1.2.0/opentest4j-1.2.0.jar:/Users/tedzaremba/.m2/repository/org/junit/platform/junit-platform-commons/1.6.2/junit-platform-commons-1.6.2.jar:/Users/tedzaremba/.m2/repository/org/junit/jupiter/junit-jupiter-params/5.6.2/junit-jupiter-params-5.6.2.jar:/Users/tedzaremba/.m2/repository/org/junit/jupiter/junit-jupiter-engine/5.6.2/junit-jupiter-engine-5.6.2.jar:/Users/tedzaremba/.m2/repository/org/junit/platform/junit-platform-engine/1.6.2/junit-platform-engine-1.6.2.jar:/Users/tedzaremba/.m2/repository/org/openjfx/javafx-controls/12.0.1/javafx-controls-12.0.1.jar:/Users/tedzaremba/.m2/repository/org/openjfx/javafx-controls/12.0.1/javafx-controls-12.0.1-mac.jar:/Users/tedzaremba/.m2/repository/org/openjfx/javafx-graphics/12.0.1/javafx-graphics-12.0.1.jar:/Users/tedzaremba/.m2/repository/org/openjfx/javafx-graphics/12.0.1/javafx-graphics-12.0.1-mac.jar:/Users/tedzaremba/.m2/repository/org/openjfx/javafx-base/12.0.1/javafx-base-12.0.1.jar:/Users/tedzaremba/.m2/repository/org/openjfx/javafx-base/12.0.1/javafx-base-12.0.1-mac.jar:/Users/tedzaremba/.m2/repository/org/openjfx/javafx-fxml/12/javafx-fxml-12.jar:/Users/tedzaremba/.m2/repository/org/openjfx/javafx-fxml/12/javafx-fxml-12-mac.jar:"/>
    <property name="java.vm.vendor" value="Homebrew"/>
    <property name="sun.arch.data.model" value="64"/>
    <property name="java.vendor.url" value="https://github.com/Homebrew/homebrew-core/issues"/>
    <property name="os.name" value="Mac OS X"/>
    <property name="java.vm.specification.version" value="17"/>
    <property name="sun.java.launcher" value="SUN_STANDARD"/>
    <property name="user.country" value="US"/>
    <property name="sun.boot.library.path" value="/usr/local/Cellar/openjdk/17.0.2/libexec/openjdk.jdk/Contents/Home/lib"/>
    <property name="sun.java.command" value="/Users/tedzaremba/Desktop/CS_342/Project 3/Project3Code/ClientSide/target/surefire/surefirebooter6444507000737181635.jar /Users/tedzaremba/Desktop/CS_342/Project 3/Project3Code/ClientSide/target/surefire 2022-04-10T23-32-33_390-jvmRun1 surefire14332899909127784644tmp surefire_01817485980590100378tmp"/>
    <property name="http.nonProxyHosts" value="local|*.local|169.254/16|*.169.254/16"/>
    <property name="jdk.debug" value="release"/>
    <property name="surefire.test.class.path" value="/Users/tedzaremba/Desktop/CS_342/Project 3/Project3Code/ClientSide/target/test-classes:/Users/tedzaremba/Desktop/CS_342/Project 3/Project3Code/ClientSide/target/classes:/Users/tedzaremba/.m2/repository/org/junit/jupiter/junit-jupiter/5.6.2/junit-jupiter-5.6.2.jar:/Users/tedzaremba/.m2/repository/org/junit/jupiter/junit-jupiter-api/5.6.2/junit-jupiter-api-5.6.2.jar:/Users/tedzaremba/.m2/repository/org/apiguardian/apiguardian-api/1.1.0/apiguardian-api-1.1.0.jar:/Users/tedzaremba/.m2/repository/org/opentest4j/opentest4j/1.2.0/opentest4j-1.2.0.jar:/Users/tedzaremba/.m2/repository/org/junit/platform/junit-platform-commons/1.6.2/junit-platform-commons-1.6.2.jar:/Users/tedzaremba/.m2/repository/org/junit/jupiter/junit-jupiter-params/5.6.2/junit-jupiter-params-5.6.2.jar:/Users/tedzaremba/.m2/repository/org/junit/jupiter/junit-jupiter-engine/5.6.2/junit-jupiter-engine-5.6.2.jar:/Users/tedzaremba/.m2/repository/org/junit/platform/junit-platform-engine/1.6.2/junit-platform-engine-1.6.2.jar:/Users/tedzaremba/.m2/repository/org/openjfx/javafx-controls/12.0.1/javafx-controls-12.0.1.jar:/Users/tedzaremba/.m2/repository/org/openjfx/javafx-controls/12.0.1/javafx-controls-12.0.1-mac.jar:/Users/tedzaremba/.m2/repository/org/openjfx/javafx-graphics/12.0.1/javafx-graphics-12.0.1.jar:/Users/tedzaremba/.m2/repository/org/openjfx/javafx-graphics/12.0.1/javafx-graphics-12.0.1-mac.jar:/Users/tedzaremba/.m2/repository/org/openjfx/javafx-base/12.0.1/javafx-base-12.0.1.jar:/Users/tedzaremba/.m2/repository/org/openjfx/javafx-base/12.0.1/javafx-base-12.0.1-mac.jar:/Users/tedzaremba/.m2/repository/org/openjfx/javafx-fxml/12/javafx-fxml-12.jar:/Users/tedzaremba/.m2/repository/org/openjfx/javafx-fxml/12/javafx-fxml-12-mac.jar:"/>
    <property name="sun.cpu.endian" value="little"/>
    <property name="user.home" value="/Users/tedzaremba"/>
    <property name="user.language" value="en"/>
    <property name="java.specification.vendor" value="Oracle Corporation"/>
    <property name="java.version.date" value="2022-01-18"/>
    <property name="java.home" value="/usr/local/Cellar/openjdk/17.0.2/libexec/openjdk.jdk/Contents/Home"/>
    <property name="file.separator" value="/"/>
    <property name="basedir" value="/Users/tedzaremba/Desktop/CS_342/Project 3/Project3Code/ClientSide"/>
    <property name="java.vm.compressedOopsMode" value="Zero based"/>
    <property name="line.separator" value="&#10;"/>
    <property name="java.specification.name" value="Java Platform API Specification"/>
    <property name="java.vm.specification.vendor" value="Oracle Corporation"/>
    <property name="surefire.real.class.path" value="/Users/tedzaremba/Desktop/CS_342/Project 3/Project3Code/ClientSide/target/surefire/surefirebooter6444507000737181635.jar"/>
    <property name="sun.management.compiler" value="HotSpot 64-Bit Tiered Compilers"/>
    <property name="ftp.nonProxyHosts" value="local|*.local|169.254/16|*.169.254/16"/>
    <property name="java.runtime.version" value="17.0.2+0"/>
    <property name="user.name" value="teddyzaremba"/>
    <property name="path.separator" value=":"/>
    <property name="os.version" value="11.3"/>
    <property name="java.runtime.name" value="OpenJDK Runtime Environment"/>
    <property name="file.encoding" value="UTF-8"/>
    <property name="java.vm.name" value="OpenJDK 64-Bit Server VM"/>
    <property name="java.vendor.version" value="Homebrew"/>
    <property name="localRepository" value="/Users/tedzaremba/.m2/repository"/>
    <property name="java.vendor.url.bug" value="https://github.com/Homebrew/homebrew-core/issues"/>
    <property name="java.io.tmpdir" value="/var/folders/fp/pzwtfb696dn6p_93gglkxn180000gn/T/"/>
    <property name="java.version" value="17.0.2"/>
    <property name="user.dir" value="/Users/tedzaremba/Desktop/CS_342/Project 3/Project3Code/ClientSide"/>
    <property name="os.arch" value="x86_64"/>
    <property name="java.vm.specification.name" value="Java Virtual Machine Specification"/>
    <property name="native.encoding" value="UTF-8"/>
    <property name="java.library.path" value="/Users/tedzaremba/Library/Java/Extensions:/Library/Java/Extensions:/Network/Library/Java/Extensions:/System/Library/Java/Extensions:/usr/lib/java:."/>
    <property name="java.vm.info" value="mixed mode, sharing"/>
    <property name="java.vendor" value="Homebrew"/>
    <property name="java.vm.version" value="17.0.2+0"/>
    <property name="sun.io.unicode.encoding" value="UnicodeBig"/>
    <property name="socksNonProxyHosts" value="local|*.local|169.254/16|*.169.254/16"/>
    <property name="java.class.version" value="61.0"/>
  </properties>
  <testcase name="testClient1" classname="MyTest" time="0.032"/>
  <testcase name="testClient2" classname="MyTest" time="0.001"/>
  <testcase name="testClient3" classname="MyTest" time="0.003"/>
  <testcase name="testClient4" classname="MyTest" time="0.002"/>
  <testcase name="testClient5" classname="MyTest" time="0.002"/>
  <testcase name="testClient6" classname="MyTest" time="0.001"/>
  <testcase name="testClient7" classname="MyTest" time="0.001"/>
  <testcase name="testClient8" classname="MyTest" time="0.001"/>
  <testcase name="testClient9" classname="MyTest" time="0"/>
  <testcase name="testClient10" classname="MyTest" time="0.001"/>
</testsuite>